<?xml version="1.0" encoding="UTF-8"?>
<!-- Generated by org.testng.reporters.JUnitReportReporter -->
<testsuite hostname="DESKTOP-8JJHTH4" failures="0" tests="1" name="app.heroku.HeroKu" time="29.331" errors="0" timestamp="2024-09-16T21:44:14 IST" skipped="0">
  <testcase classname="app.heroku.HeroKu" name="multipleClick" time="29.331"/>
</testsuite> <!-- app.heroku.HeroKu -->
