<?xml version="1.0" encoding="UTF-8"?>
<!-- Generated by org.testng.reporters.JUnitReportReporter -->
<testsuite hostname="DESKTOP-8JJHTH4" failures="0" tests="5" name="app.heroku.DropDown" time="55.478" errors="0" timestamp="2024-09-17T21:15:49 IST" skipped="0">
  <testcase classname="app.heroku.DropDown" name="dropDown" time="11.562"/>
  <testcase classname="app.heroku.DropDown" name="dropDown1" time="10.920"/>
  <testcase classname="app.heroku.DropDown" name="dropDown2" time="9.193"/>
  <testcase classname="app.heroku.DropDown" name="dropDown4" time="10.286"/>
  <testcase classname="app.heroku.DropDown" name="dropDown3" time="13.517"/>
</testsuite> <!-- app.heroku.DropDown -->
